Analysis & Synthesis report for VerilogWarmup
Tue May 02 11:36:32 2023
Quartus II 64-Bit Version 13.0.1 Build 232 06/12/2013 Service Pack 1 SJ Web Edition


---------------------
; Table of Contents ;
---------------------
  1. Legal Notice
  2. Analysis & Synthesis Summary
  3. Analysis & Synthesis Settings
  4. Parallel Compilation
  5. Analysis & Synthesis Source Files Read
  6. Analysis & Synthesis Resource Usage Summary
  7. Analysis & Synthesis Resource Utilization by Entity
  8. Analysis & Synthesis IP Cores Summary
  9. State Machine - |TopLevel|core_one:c|state
 10. Registers Removed During Synthesis
 11. General Register Statistics
 12. Inverted Register Statistics
 13. Multiplexer Restructuring Statistics (Restructuring Performed)
 14. Parameter Settings for User Entity Instance: core_one:c
 15. Parameter Settings for User Entity Instance: apll:a|altpll:altpll_component
 16. altpll Parameter Settings by Entity Instance
 17. Port Connectivity Checks: "Teste_1:t1"
 18. Port Connectivity Checks: "core_one:c"
 19. Elapsed Time Per Partition
 20. Analysis & Synthesis Messages
 21. Analysis & Synthesis Suppressed Messages



----------------
; Legal Notice ;
----------------
Copyright (C) 1991-2013 Altera Corporation
Your use of Altera Corporation's design tools, logic functions 
and other software and tools, and its AMPP partner logic 
functions, and any output files from any of the foregoing 
(including device programming or simulation files), and any 
associated documentation or information are expressly subject 
to the terms and conditions of the Altera Program License 
Subscription Agreement, Altera MegaCore Function License 
Agreement, or other applicable license agreement, including, 
without limitation, that your use is for the sole purpose of 
programming logic devices manufactured by Altera and sold by 
Altera or its authorized distributors.  Please refer to the 
applicable agreement for further details.



+--------------------------------------------------------------------------------------+
; Analysis & Synthesis Summary                                                         ;
+------------------------------------+-------------------------------------------------+
; Analysis & Synthesis Status        ; Successful - Tue May 02 11:36:32 2023           ;
; Quartus II 64-Bit Version          ; 13.0.1 Build 232 06/12/2013 SP 1 SJ Web Edition ;
; Revision Name                      ; VerilogWarmup                                   ;
; Top-level Entity Name              ; TopLevel                                        ;
; Family                             ; Cyclone II                                      ;
; Total logic elements               ; 558                                             ;
;     Total combinational functions  ; 395                                             ;
;     Dedicated logic registers      ; 307                                             ;
; Total registers                    ; 307                                             ;
; Total pins                         ; 152                                             ;
; Total virtual pins                 ; 0                                               ;
; Total memory bits                  ; 0                                               ;
; Embedded Multiplier 9-bit elements ; 0                                               ;
; Total PLLs                         ; 1                                               ;
+------------------------------------+-------------------------------------------------+


+----------------------------------------------------------------------------------------------------------------------+
; Analysis & Synthesis Settings                                                                                        ;
+----------------------------------------------------------------------------+--------------------+--------------------+
; Option                                                                     ; Setting            ; Default Value      ;
+----------------------------------------------------------------------------+--------------------+--------------------+
; Device                                                                     ; EP2C35F672C6       ;                    ;
; Top-level entity name                                                      ; TopLevel           ; VerilogWarmup      ;
; Family name                                                                ; Cyclone II         ; Cyclone IV GX      ;
; Use smart compilation                                                      ; Off                ; Off                ;
; Enable parallel Assembler and TimeQuest Timing Analyzer during compilation ; On                 ; On                 ;
; Enable compact report table                                                ; Off                ; Off                ;
; Restructure Multiplexers                                                   ; Auto               ; Auto               ;
; Create Debugging Nodes for IP Cores                                        ; Off                ; Off                ;
; Preserve fewer node names                                                  ; On                 ; On                 ;
; Disable OpenCore Plus hardware evaluation                                  ; Off                ; Off                ;
; Verilog Version                                                            ; Verilog_2001       ; Verilog_2001       ;
; VHDL Version                                                               ; VHDL_1993          ; VHDL_1993          ;
; State Machine Processing                                                   ; Auto               ; Auto               ;
; Safe State Machine                                                         ; Off                ; Off                ;
; Extract Verilog State Machines                                             ; On                 ; On                 ;
; Extract VHDL State Machines                                                ; On                 ; On                 ;
; Ignore Verilog initial constructs                                          ; Off                ; Off                ;
; Iteration limit for constant Verilog loops                                 ; 5000               ; 5000               ;
; Iteration limit for non-constant Verilog loops                             ; 250                ; 250                ;
; Add Pass-Through Logic to Inferred RAMs                                    ; On                 ; On                 ;
; Infer RAMs from Raw Logic                                                  ; On                 ; On                 ;
; Parallel Synthesis                                                         ; On                 ; On                 ;
; DSP Block Balancing                                                        ; Auto               ; Auto               ;
; NOT Gate Push-Back                                                         ; On                 ; On                 ;
; Power-Up Don't Care                                                        ; On                 ; On                 ;
; Remove Redundant Logic Cells                                               ; Off                ; Off                ;
; Remove Duplicate Registers                                                 ; On                 ; On                 ;
; Ignore CARRY Buffers                                                       ; Off                ; Off                ;
; Ignore CASCADE Buffers                                                     ; Off                ; Off                ;
; Ignore GLOBAL Buffers                                                      ; Off                ; Off                ;
; Ignore ROW GLOBAL Buffers                                                  ; Off                ; Off                ;
; Ignore LCELL Buffers                                                       ; Off                ; Off                ;
; Ignore SOFT Buffers                                                        ; On                 ; On                 ;
; Limit AHDL Integers to 32 Bits                                             ; Off                ; Off                ;
; Optimization Technique                                                     ; Balanced           ; Balanced           ;
; Carry Chain Length                                                         ; 70                 ; 70                 ;
; Auto Carry Chains                                                          ; On                 ; On                 ;
; Auto Open-Drain Pins                                                       ; On                 ; On                 ;
; Perform WYSIWYG Primitive Resynthesis                                      ; Off                ; Off                ;
; Auto ROM Replacement                                                       ; On                 ; On                 ;
; Auto RAM Replacement                                                       ; On                 ; On                 ;
; Auto Shift Register Replacement                                            ; Auto               ; Auto               ;
; Allow Shift Register Merging across Hierarchies                            ; Auto               ; Auto               ;
; Auto Clock Enable Replacement                                              ; On                 ; On                 ;
; Strict RAM Replacement                                                     ; Off                ; Off                ;
; Allow Synchronous Control Signals                                          ; On                 ; On                 ;
; Force Use of Synchronous Clear Signals                                     ; Off                ; Off                ;
; Auto RAM to Logic Cell Conversion                                          ; Off                ; Off                ;
; Auto Resource Sharing                                                      ; Off                ; Off                ;
; Allow Any RAM Size For Recognition                                         ; Off                ; Off                ;
; Allow Any ROM Size For Recognition                                         ; Off                ; Off                ;
; Allow Any Shift Register Size For Recognition                              ; Off                ; Off                ;
; Use LogicLock Constraints during Resource Balancing                        ; On                 ; On                 ;
; Ignore translate_off and synthesis_off directives                          ; Off                ; Off                ;
; Timing-Driven Synthesis                                                    ; Off                ; Off                ;
; Report Parameter Settings                                                  ; On                 ; On                 ;
; Report Source Assignments                                                  ; On                 ; On                 ;
; Report Connectivity Checks                                                 ; On                 ; On                 ;
; Ignore Maximum Fan-Out Assignments                                         ; Off                ; Off                ;
; Synchronization Register Chain Length                                      ; 2                  ; 2                  ;
; PowerPlay Power Optimization                                               ; Normal compilation ; Normal compilation ;
; HDL message level                                                          ; Level2             ; Level2             ;
; Suppress Register Optimization Related Messages                            ; Off                ; Off                ;
; Number of Removed Registers Reported in Synthesis Report                   ; 5000               ; 5000               ;
; Number of Swept Nodes Reported in Synthesis Report                         ; 5000               ; 5000               ;
; Number of Inverted Registers Reported in Synthesis Report                  ; 100                ; 100                ;
; Clock MUX Protection                                                       ; On                 ; On                 ;
; Auto Gated Clock Conversion                                                ; Off                ; Off                ;
; Block Design Naming                                                        ; Auto               ; Auto               ;
; SDC constraint protection                                                  ; Off                ; Off                ;
; Synthesis Effort                                                           ; Auto               ; Auto               ;
; Shift Register Replacement - Allow Asynchronous Clear Signal               ; On                 ; On                 ;
; Pre-Mapping Resynthesis Optimization                                       ; Off                ; Off                ;
; Analysis & Synthesis Message Level                                         ; Medium             ; Medium             ;
; Disable Register Merging Across Hierarchies                                ; Auto               ; Auto               ;
; Resource Aware Inference For Block RAM                                     ; On                 ; On                 ;
; Synthesis Seed                                                             ; 1                  ; 1                  ;
+----------------------------------------------------------------------------+--------------------+--------------------+


Parallel compilation was disabled, but you have multiple processors available. Enable parallel compilation to reduce compilation time.
+-------------------------------------+
; Parallel Compilation                ;
+----------------------------+--------+
; Processors                 ; Number ;
+----------------------------+--------+
; Number detected on machine ; 12     ;
; Maximum allowed            ; 1      ;
+----------------------------+--------+


+----------------------------------------------------------------------------------------------------------------------------------------------------------------------------------------------+
; Analysis & Synthesis Source Files Read                                                                                                                                                       ;
+----------------------------------+-----------------+-----------------------------+-------------------------------------------------------------------------------------------------+---------+
; File Name with User-Entered Path ; Used in Netlist ; File Type                   ; File Name with Absolute Path                                                                    ; Library ;
+----------------------------------+-----------------+-----------------------------+-------------------------------------------------------------------------------------------------+---------+
; TopLevel.v                       ; yes             ; User Verilog HDL File       ; D:/Documentos/CEFET/22.1/TCC/Quartus/install/projects/VerilogWarmup/TopLevel.v                  ;         ;
; apll.v                           ; yes             ; User Wizard-Generated File  ; D:/Documentos/CEFET/22.1/TCC/Quartus/install/projects/VerilogWarmup/apll.v                      ;         ;
; Core_one.v                       ; yes             ; User Verilog HDL File       ; D:/Documentos/CEFET/22.1/TCC/Quartus/install/projects/VerilogWarmup/Core_one.v                  ;         ;
; Teste_1.v                        ; yes             ; User Verilog HDL File       ; D:/Documentos/CEFET/22.1/TCC/Quartus/install/projects/VerilogWarmup/Teste_1.v                   ;         ;
; altpll.tdf                       ; yes             ; Megafunction                ; d:/documentos/cefet/22.1/tcc/quartus/install2/quartus/libraries/megafunctions/altpll.tdf        ;         ;
; aglobal130.inc                   ; yes             ; Megafunction                ; d:/documentos/cefet/22.1/tcc/quartus/install2/quartus/libraries/megafunctions/aglobal130.inc    ;         ;
; stratix_pll.inc                  ; yes             ; Megafunction                ; d:/documentos/cefet/22.1/tcc/quartus/install2/quartus/libraries/megafunctions/stratix_pll.inc   ;         ;
; stratixii_pll.inc                ; yes             ; Megafunction                ; d:/documentos/cefet/22.1/tcc/quartus/install2/quartus/libraries/megafunctions/stratixii_pll.inc ;         ;
; cycloneii_pll.inc                ; yes             ; Megafunction                ; d:/documentos/cefet/22.1/tcc/quartus/install2/quartus/libraries/megafunctions/cycloneii_pll.inc ;         ;
+----------------------------------+-----------------+-----------------------------+-------------------------------------------------------------------------------------------------+---------+


+------------------------------------------------------------------------------------+
; Analysis & Synthesis Resource Usage Summary                                        ;
+---------------------------------------------+--------------------------------------+
; Resource                                    ; Usage                                ;
+---------------------------------------------+--------------------------------------+
; Estimated Total logic elements              ; 558                                  ;
;                                             ;                                      ;
; Total combinational functions               ; 395                                  ;
; Logic element usage by number of LUT inputs ;                                      ;
;     -- 4 input functions                    ; 262                                  ;
;     -- 3 input functions                    ; 57                                   ;
;     -- <=2 input functions                  ; 76                                   ;
;                                             ;                                      ;
; Logic elements by mode                      ;                                      ;
;     -- normal mode                          ; 363                                  ;
;     -- arithmetic mode                      ; 32                                   ;
;                                             ;                                      ;
; Total registers                             ; 307                                  ;
;     -- Dedicated logic registers            ; 307                                  ;
;     -- I/O registers                        ; 0                                    ;
;                                             ;                                      ;
; I/O pins                                    ; 152                                  ;
; Embedded Multiplier 9-bit elements          ; 0                                    ;
; Total PLLs                                  ; 1                                    ;
;     -- PLLs                                 ; 1                                    ;
;                                             ;                                      ;
; Maximum fan-out node                        ; apll:a|altpll:altpll_component|_clk0 ;
; Maximum fan-out                             ; 264                                  ;
; Total fan-out                               ; 2479                                 ;
; Average fan-out                             ; 2.90                                 ;
+---------------------------------------------+--------------------------------------+


+-------------------------------------------------------------------------------------------------------------------------------------------------------------------------------------------------------+
; Analysis & Synthesis Resource Utilization by Entity                                                                                                                                                   ;
+---------------------------------+-------------------+--------------+-------------+--------------+---------+-----------+------+--------------+------------------------------------------+--------------+
; Compilation Hierarchy Node      ; LC Combinationals ; LC Registers ; Memory Bits ; DSP Elements ; DSP 9x9 ; DSP 18x18 ; Pins ; Virtual Pins ; Full Hierarchy Name                      ; Library Name ;
+---------------------------------+-------------------+--------------+-------------+--------------+---------+-----------+------+--------------+------------------------------------------+--------------+
; |TopLevel                       ; 395 (205)         ; 307 (44)     ; 0           ; 0            ; 0       ; 0         ; 152  ; 0            ; |TopLevel                                ; work         ;
;    |Teste_1:t1|                 ; 48 (48)           ; 145 (145)    ; 0           ; 0            ; 0       ; 0         ; 0    ; 0            ; |TopLevel|Teste_1:t1                     ; work         ;
;    |apll:a|                     ; 0 (0)             ; 0 (0)        ; 0           ; 0            ; 0       ; 0         ; 0    ; 0            ; |TopLevel|apll:a                         ; work         ;
;       |altpll:altpll_component| ; 0 (0)             ; 0 (0)        ; 0           ; 0            ; 0       ; 0         ; 0    ; 0            ; |TopLevel|apll:a|altpll:altpll_component ; work         ;
;    |core_one:c|                 ; 86 (86)           ; 118 (118)    ; 0           ; 0            ; 0       ; 0         ; 0    ; 0            ; |TopLevel|core_one:c                     ; work         ;
;    |dec7seg:h0|                 ; 7 (7)             ; 0 (0)        ; 0           ; 0            ; 0       ; 0         ; 0    ; 0            ; |TopLevel|dec7seg:h0                     ; work         ;
;    |dec7seg:h1|                 ; 7 (7)             ; 0 (0)        ; 0           ; 0            ; 0       ; 0         ; 0    ; 0            ; |TopLevel|dec7seg:h1                     ; work         ;
;    |dec7seg:h2|                 ; 7 (7)             ; 0 (0)        ; 0           ; 0            ; 0       ; 0         ; 0    ; 0            ; |TopLevel|dec7seg:h2                     ; work         ;
;    |dec7seg:h3|                 ; 7 (7)             ; 0 (0)        ; 0           ; 0            ; 0       ; 0         ; 0    ; 0            ; |TopLevel|dec7seg:h3                     ; work         ;
;    |dec7seg:h4|                 ; 7 (7)             ; 0 (0)        ; 0           ; 0            ; 0       ; 0         ; 0    ; 0            ; |TopLevel|dec7seg:h4                     ; work         ;
;    |dec7seg:h5|                 ; 7 (7)             ; 0 (0)        ; 0           ; 0            ; 0       ; 0         ; 0    ; 0            ; |TopLevel|dec7seg:h5                     ; work         ;
;    |dec7seg:h6|                 ; 7 (7)             ; 0 (0)        ; 0           ; 0            ; 0       ; 0         ; 0    ; 0            ; |TopLevel|dec7seg:h6                     ; work         ;
;    |dec7seg:h7|                 ; 7 (7)             ; 0 (0)        ; 0           ; 0            ; 0       ; 0         ; 0    ; 0            ; |TopLevel|dec7seg:h7                     ; work         ;
+---------------------------------+-------------------+--------------+-------------+--------------+---------+-----------+------+--------------+------------------------------------------+--------------+
Note: For table entries with two numbers listed, the numbers in parentheses indicate the number of resources of the given type used by the specific entity alone. The numbers listed outside of parentheses indicate the total resources of the given type used by the specific entity and all of its sub-entities in the hierarchy.


+---------------------------------------------------------------------------------------------------------------------------------------------------------------+
; Analysis & Synthesis IP Cores Summary                                                                                                                         ;
+--------+--------------+---------+--------------+--------------+------------------+----------------------------------------------------------------------------+
; Vendor ; IP Core Name ; Version ; Release Date ; License Type ; Entity Instance  ; IP Include File                                                            ;
+--------+--------------+---------+--------------+--------------+------------------+----------------------------------------------------------------------------+
; Altera ; ALTPLL       ; 13.0    ; N/A          ; N/A          ; |TopLevel|apll:a ; D:/Documentos/CEFET/22.1/TCC/Quartus/install/projects/VerilogWarmup/apll.v ;
+--------+--------------+---------+--------------+--------------+------------------+----------------------------------------------------------------------------+


Encoding Type:  One-Hot
+------------------------------------------------------------------------------------------------------------------------------------------------------------------------------------------------------------------------------------------------------+
; State Machine - |TopLevel|core_one:c|state                                                                                                                                                                                                           ;
+----------------+---------------+----------------+----------------+----------------+----------------+----------------+----------------+---------------+--------------+--------------+----------------+----------------+----------------+--------------+
; Name           ; state.ST_PREP ; state.ST_WRIT2 ; state.ST_WRIT1 ; state.ST_READ4 ; state.ST_READ3 ; state.ST_READ2 ; state.ST_READ1 ; state.ST_STAL ; state.ST_REF ; state.ST_ACT ; state.ST_INIT3 ; state.ST_INIT2 ; state.ST_INIT1 ; state.ST_POW ;
+----------------+---------------+----------------+----------------+----------------+----------------+----------------+----------------+---------------+--------------+--------------+----------------+----------------+----------------+--------------+
; state.ST_POW   ; 0             ; 0              ; 0              ; 0              ; 0              ; 0              ; 0              ; 0             ; 0            ; 0            ; 0              ; 0              ; 0              ; 0            ;
; state.ST_INIT1 ; 0             ; 0              ; 0              ; 0              ; 0              ; 0              ; 0              ; 0             ; 0            ; 0            ; 0              ; 0              ; 1              ; 1            ;
; state.ST_INIT2 ; 0             ; 0              ; 0              ; 0              ; 0              ; 0              ; 0              ; 0             ; 0            ; 0            ; 0              ; 1              ; 0              ; 1            ;
; state.ST_INIT3 ; 0             ; 0              ; 0              ; 0              ; 0              ; 0              ; 0              ; 0             ; 0            ; 0            ; 1              ; 0              ; 0              ; 1            ;
; state.ST_ACT   ; 0             ; 0              ; 0              ; 0              ; 0              ; 0              ; 0              ; 0             ; 0            ; 1            ; 0              ; 0              ; 0              ; 1            ;
; state.ST_REF   ; 0             ; 0              ; 0              ; 0              ; 0              ; 0              ; 0              ; 0             ; 1            ; 0            ; 0              ; 0              ; 0              ; 1            ;
; state.ST_STAL  ; 0             ; 0              ; 0              ; 0              ; 0              ; 0              ; 0              ; 1             ; 0            ; 0            ; 0              ; 0              ; 0              ; 1            ;
; state.ST_READ1 ; 0             ; 0              ; 0              ; 0              ; 0              ; 0              ; 1              ; 0             ; 0            ; 0            ; 0              ; 0              ; 0              ; 1            ;
; state.ST_READ2 ; 0             ; 0              ; 0              ; 0              ; 0              ; 1              ; 0              ; 0             ; 0            ; 0            ; 0              ; 0              ; 0              ; 1            ;
; state.ST_READ3 ; 0             ; 0              ; 0              ; 0              ; 1              ; 0              ; 0              ; 0             ; 0            ; 0            ; 0              ; 0              ; 0              ; 1            ;
; state.ST_READ4 ; 0             ; 0              ; 0              ; 1              ; 0              ; 0              ; 0              ; 0             ; 0            ; 0            ; 0              ; 0              ; 0              ; 1            ;
; state.ST_WRIT1 ; 0             ; 0              ; 1              ; 0              ; 0              ; 0              ; 0              ; 0             ; 0            ; 0            ; 0              ; 0              ; 0              ; 1            ;
; state.ST_WRIT2 ; 0             ; 1              ; 0              ; 0              ; 0              ; 0              ; 0              ; 0             ; 0            ; 0            ; 0              ; 0              ; 0              ; 1            ;
; state.ST_PREP  ; 1             ; 0              ; 0              ; 0              ; 0              ; 0              ; 0              ; 0             ; 0            ; 0            ; 0              ; 0              ; 0              ; 1            ;
+----------------+---------------+----------------+----------------+----------------+----------------+----------------+----------------+---------------+--------------+--------------+----------------+----------------+----------------+--------------+


+---------------------------------------------------------------------------------+
; Registers Removed During Synthesis                                              ;
+----------------------------------------+----------------------------------------+
; Register name                          ; Reason for Removal                     ;
+----------------------------------------+----------------------------------------+
; Teste_1:t1|data_reg[4,5]               ; Stuck at GND due to stuck port data_in ;
; Teste_1:t1|data_reg[6,7]               ; Stuck at VCC due to stuck port data_in ;
; core_one:c|az_be_n_r[1]                ; Stuck at GND due to stuck port data_in ;
; Teste_1:t1|data_reg[3,15]              ; Merged with Teste_1:t1|data_reg[11]    ;
; Teste_1:t1|data_reg[2,14]              ; Merged with Teste_1:t1|data_reg[10]    ;
; Teste_1:t1|addr_reg[2,3,7..21]         ; Merged with Teste_1:t1|addr_reg[0]     ;
; Teste_1:t1|data_reg[1,9]               ; Merged with Teste_1:t1|data_reg[13]    ;
; Teste_1:t1|data_reg[8,12]              ; Merged with Teste_1:t1|data_reg[0]     ;
; Teste_1:t1|addr_reg[0]                 ; Stuck at GND due to stuck port data_in ;
; Teste_1:t1|addr_reg[1]                 ; Stuck at VCC due to stuck port data_in ;
; core_one:c|state~4                     ; Lost fanout                            ;
; core_one:c|state~5                     ; Lost fanout                            ;
; core_one:c|state~6                     ; Lost fanout                            ;
; core_one:c|state~7                     ; Lost fanout                            ;
; Total Number of Removed Registers = 36 ;                                        ;
+----------------------------------------+----------------------------------------+


+------------------------------------------------------+
; General Register Statistics                          ;
+----------------------------------------------+-------+
; Statistic                                    ; Value ;
+----------------------------------------------+-------+
; Total registers                              ; 307   ;
; Number of registers using Synchronous Clear  ; 41    ;
; Number of registers using Synchronous Load   ; 0     ;
; Number of registers using Asynchronous Clear ; 51    ;
; Number of registers using Asynchronous Load  ; 0     ;
; Number of registers using Clock Enable       ; 284   ;
; Number of registers using Preset             ; 0     ;
+----------------------------------------------+-------+


+--------------------------------------------------+
; Inverted Register Statistics                     ;
+----------------------------------------+---------+
; Inverted Register                      ; Fan out ;
+----------------------------------------+---------+
; core_one:c|command[3]                  ; 1       ;
; core_one:c|command[2]                  ; 1       ;
; core_one:c|command[1]                  ; 1       ;
; Total number of inverted registers = 3 ;         ;
+----------------------------------------+---------+


+--------------------------------------------------------------------------------------------------------------------------------------------------------+
; Multiplexer Restructuring Statistics (Restructuring Performed)                                                                                         ;
+--------------------+-----------+---------------+----------------------+------------------------+------------+------------------------------------------+
; Multiplexer Inputs ; Bus Width ; Baseline Area ; Area if Restructured ; Saving if Restructured ; Registered ; Example Multiplexer Output               ;
+--------------------+-----------+---------------+----------------------+------------------------+------------+------------------------------------------+
; 4:1                ; 2 bits    ; 4 LEs         ; 0 LEs                ; 4 LEs                  ; Yes        ; |TopLevel|Teste_1:t1|addr_reg[1]         ;
; 4:1                ; 3 bits    ; 6 LEs         ; 0 LEs                ; 6 LEs                  ; Yes        ; |TopLevel|Teste_1:t1|addr_reg[6]         ;
; 3:1                ; 3 bits    ; 6 LEs         ; 3 LEs                ; 3 LEs                  ; Yes        ; |TopLevel|Teste_1:t1|prev_step[0]        ;
; 4:1                ; 16 bits   ; 32 LEs        ; 16 LEs               ; 16 LEs                 ; Yes        ; |TopLevel|Teste_1:t1|read_value_r[7][8]  ;
; 4:1                ; 16 bits   ; 32 LEs        ; 16 LEs               ; 16 LEs                 ; Yes        ; |TopLevel|Teste_1:t1|read_value_r[6][10] ;
; 4:1                ; 16 bits   ; 32 LEs        ; 16 LEs               ; 16 LEs                 ; Yes        ; |TopLevel|Teste_1:t1|read_value_r[5][15] ;
; 4:1                ; 16 bits   ; 32 LEs        ; 16 LEs               ; 16 LEs                 ; Yes        ; |TopLevel|Teste_1:t1|read_value_r[4][6]  ;
; 4:1                ; 16 bits   ; 32 LEs        ; 16 LEs               ; 16 LEs                 ; Yes        ; |TopLevel|Teste_1:t1|read_value_r[3][1]  ;
; 4:1                ; 16 bits   ; 32 LEs        ; 16 LEs               ; 16 LEs                 ; Yes        ; |TopLevel|Teste_1:t1|read_value_r[2][6]  ;
; 4:1                ; 16 bits   ; 32 LEs        ; 16 LEs               ; 16 LEs                 ; Yes        ; |TopLevel|Teste_1:t1|read_value_r[1][9]  ;
; 4:1                ; 16 bits   ; 32 LEs        ; 16 LEs               ; 16 LEs                 ; Yes        ; |TopLevel|Teste_1:t1|read_value_r[0][14] ;
; 5:1                ; 4 bits    ; 12 LEs        ; 4 LEs                ; 8 LEs                  ; Yes        ; |TopLevel|addr_in_r[9]                   ;
; 5:1                ; 8 bits    ; 24 LEs        ; 0 LEs                ; 24 LEs                 ; Yes        ; |TopLevel|data_in_r[3]                   ;
; 5:1                ; 7 bits    ; 21 LEs        ; 7 LEs                ; 14 LEs                 ; Yes        ; |TopLevel|addr_in_r[1]                   ;
; 5:1                ; 8 bits    ; 24 LEs        ; 8 LEs                ; 16 LEs                 ; Yes        ; |TopLevel|data_in_r[12]                  ;
; 5:1                ; 11 bits   ; 33 LEs        ; 11 LEs               ; 22 LEs                 ; Yes        ; |TopLevel|addr_in_r[12]                  ;
; 6:1                ; 3 bits    ; 12 LEs        ; 3 LEs                ; 9 LEs                  ; Yes        ; |TopLevel|Teste_1:t1|step[2]             ;
; 4:1                ; 9 bits    ; 18 LEs        ; 18 LEs               ; 0 LEs                  ; Yes        ; |TopLevel|core_one:c|zs_addr_r[0]        ;
; 9:1                ; 33 bits   ; 198 LEs       ; 33 LEs               ; 165 LEs                ; Yes        ; |TopLevel|core_one:c|counter[22]         ;
; 4:1                ; 4 bits    ; 8 LEs         ; 8 LEs                ; 0 LEs                  ; No         ; |TopLevel|Mux58                          ;
; 4:1                ; 12 bits   ; 24 LEs        ; 24 LEs               ; 0 LEs                  ; No         ; |TopLevel|Mux62                          ;
; 3:1                ; 2 bits    ; 4 LEs         ; 2 LEs                ; 2 LEs                  ; No         ; |TopLevel|core_one:c|state               ;
; 11:1               ; 10 bits   ; 70 LEs        ; 60 LEs               ; 10 LEs                 ; No         ; |TopLevel|Mux42                          ;
; 11:1               ; 6 bits    ; 42 LEs        ; 42 LEs               ; 0 LEs                  ; No         ; |TopLevel|Mux51                          ;
+--------------------+-----------+---------------+----------------------+------------------------+------------+------------------------------------------+


+---------------------------------------------------------+
; Parameter Settings for User Entity Instance: core_one:c ;
+----------------+-------+--------------------------------+
; Parameter Name ; Value ; Type                           ;
+----------------+-------+--------------------------------+
; CLK_FREQUENCY  ; 27    ; Signed Integer                 ;
; REF_TIME       ; 64    ; Signed Integer                 ;
; REF_COUNT      ; 4096  ; Signed Integer                 ;
; PWR_TIME       ; 200   ; Signed Integer                 ;
; ROW_SIZE       ; 4096  ; Signed Integer                 ;
; COL_SIZE       ; 512   ; Signed Integer                 ;
; NUM_BANK       ; 4     ; Signed Integer                 ;
; W_B_Length     ; 0     ; Unsigned Binary                ;
; Test_mode      ; 00    ; Unsigned Binary                ;
; CAS_Latency    ; 010   ; Unsigned Binary                ;
; Wrap_type      ; 0     ; Unsigned Binary                ;
; Burst_length   ; 000   ; Unsigned Binary                ;
+----------------+-------+--------------------------------+
Note: In order to hide this table in the UI and the text report file, please set the "Show Parameter Settings in Synthesis Report" option in "Analysis and Synthesis Settings -> More Settings" to "Off".


+-----------------------------------------------------------------------------+
; Parameter Settings for User Entity Instance: apll:a|altpll:altpll_component ;
+-------------------------------+------------------------+--------------------+
; Parameter Name                ; Value                  ; Type               ;
+-------------------------------+------------------------+--------------------+
; OPERATION_MODE                ; NORMAL                 ; Untyped            ;
; PLL_TYPE                      ; AUTO                   ; Untyped            ;
; LPM_HINT                      ; CBX_MODULE_PREFIX=apll ; Untyped            ;
; QUALIFY_CONF_DONE             ; OFF                    ; Untyped            ;
; COMPENSATE_CLOCK              ; CLK0                   ; Untyped            ;
; SCAN_CHAIN                    ; LONG                   ; Untyped            ;
; PRIMARY_CLOCK                 ; INCLK0                 ; Untyped            ;
; INCLK0_INPUT_FREQUENCY        ; 37037                  ; Signed Integer     ;
; INCLK1_INPUT_FREQUENCY        ; 0                      ; Untyped            ;
; GATE_LOCK_SIGNAL              ; NO                     ; Untyped            ;
; GATE_LOCK_COUNTER             ; 0                      ; Untyped            ;
; LOCK_HIGH                     ; 1                      ; Untyped            ;
; LOCK_LOW                      ; 1                      ; Untyped            ;
; VALID_LOCK_MULTIPLIER         ; 1                      ; Untyped            ;
; INVALID_LOCK_MULTIPLIER       ; 5                      ; Untyped            ;
; SWITCH_OVER_ON_LOSSCLK        ; OFF                    ; Untyped            ;
; SWITCH_OVER_ON_GATED_LOCK     ; OFF                    ; Untyped            ;
; ENABLE_SWITCH_OVER_COUNTER    ; OFF                    ; Untyped            ;
; SKIP_VCO                      ; OFF                    ; Untyped            ;
; SWITCH_OVER_COUNTER           ; 0                      ; Untyped            ;
; SWITCH_OVER_TYPE              ; AUTO                   ; Untyped            ;
; FEEDBACK_SOURCE               ; EXTCLK0                ; Untyped            ;
; BANDWIDTH                     ; 0                      ; Untyped            ;
; BANDWIDTH_TYPE                ; AUTO                   ; Untyped            ;
; SPREAD_FREQUENCY              ; 0                      ; Untyped            ;
; DOWN_SPREAD                   ; 0                      ; Untyped            ;
; SELF_RESET_ON_GATED_LOSS_LOCK ; OFF                    ; Untyped            ;
; SELF_RESET_ON_LOSS_LOCK       ; OFF                    ; Untyped            ;
; CLK9_MULTIPLY_BY              ; 0                      ; Untyped            ;
; CLK8_MULTIPLY_BY              ; 0                      ; Untyped            ;
; CLK7_MULTIPLY_BY              ; 0                      ; Untyped            ;
; CLK6_MULTIPLY_BY              ; 0                      ; Untyped            ;
; CLK5_MULTIPLY_BY              ; 1                      ; Untyped            ;
; CLK4_MULTIPLY_BY              ; 1                      ; Untyped            ;
; CLK3_MULTIPLY_BY              ; 1                      ; Untyped            ;
; CLK2_MULTIPLY_BY              ; 1                      ; Untyped            ;
; CLK1_MULTIPLY_BY              ; 1                      ; Signed Integer     ;
; CLK0_MULTIPLY_BY              ; 1                      ; Signed Integer     ;
; CLK9_DIVIDE_BY                ; 0                      ; Untyped            ;
; CLK8_DIVIDE_BY                ; 0                      ; Untyped            ;
; CLK7_DIVIDE_BY                ; 0                      ; Untyped            ;
; CLK6_DIVIDE_BY                ; 0                      ; Untyped            ;
; CLK5_DIVIDE_BY                ; 1                      ; Untyped            ;
; CLK4_DIVIDE_BY                ; 1                      ; Untyped            ;
; CLK3_DIVIDE_BY                ; 1                      ; Untyped            ;
; CLK2_DIVIDE_BY                ; 1                      ; Untyped            ;
; CLK1_DIVIDE_BY                ; 1                      ; Signed Integer     ;
; CLK0_DIVIDE_BY                ; 1                      ; Signed Integer     ;
; CLK9_PHASE_SHIFT              ; 0                      ; Untyped            ;
; CLK8_PHASE_SHIFT              ; 0                      ; Untyped            ;
; CLK7_PHASE_SHIFT              ; 0                      ; Untyped            ;
; CLK6_PHASE_SHIFT              ; 0                      ; Untyped            ;
; CLK5_PHASE_SHIFT              ; 0                      ; Untyped            ;
; CLK4_PHASE_SHIFT              ; 0                      ; Untyped            ;
; CLK3_PHASE_SHIFT              ; 0                      ; Untyped            ;
; CLK2_PHASE_SHIFT              ; 0                      ; Untyped            ;
; CLK1_PHASE_SHIFT              ; 0                      ; Untyped            ;
; CLK0_PHASE_SHIFT              ; -15000                 ; Untyped            ;
; CLK5_TIME_DELAY               ; 0                      ; Untyped            ;
; CLK4_TIME_DELAY               ; 0                      ; Untyped            ;
; CLK3_TIME_DELAY               ; 0                      ; Untyped            ;
; CLK2_TIME_DELAY               ; 0                      ; Untyped            ;
; CLK1_TIME_DELAY               ; 0                      ; Untyped            ;
; CLK0_TIME_DELAY               ; 0                      ; Untyped            ;
; CLK9_DUTY_CYCLE               ; 50                     ; Untyped            ;
; CLK8_DUTY_CYCLE               ; 50                     ; Untyped            ;
; CLK7_DUTY_CYCLE               ; 50                     ; Untyped            ;
; CLK6_DUTY_CYCLE               ; 50                     ; Untyped            ;
; CLK5_DUTY_CYCLE               ; 50                     ; Untyped            ;
; CLK4_DUTY_CYCLE               ; 50                     ; Untyped            ;
; CLK3_DUTY_CYCLE               ; 50                     ; Untyped            ;
; CLK2_DUTY_CYCLE               ; 50                     ; Untyped            ;
; CLK1_DUTY_CYCLE               ; 50                     ; Signed Integer     ;
; CLK0_DUTY_CYCLE               ; 50                     ; Signed Integer     ;
; CLK9_USE_EVEN_COUNTER_MODE    ; OFF                    ; Untyped            ;
; CLK8_USE_EVEN_COUNTER_MODE    ; OFF                    ; Untyped            ;
; CLK7_USE_EVEN_COUNTER_MODE    ; OFF                    ; Untyped            ;
; CLK6_USE_EVEN_COUNTER_MODE    ; OFF                    ; Untyped            ;
; CLK5_USE_EVEN_COUNTER_MODE    ; OFF                    ; Untyped            ;
; CLK4_USE_EVEN_COUNTER_MODE    ; OFF                    ; Untyped            ;
; CLK3_USE_EVEN_COUNTER_MODE    ; OFF                    ; Untyped            ;
; CLK2_USE_EVEN_COUNTER_MODE    ; OFF                    ; Untyped            ;
; CLK1_USE_EVEN_COUNTER_MODE    ; OFF                    ; Untyped            ;
; CLK0_USE_EVEN_COUNTER_MODE    ; OFF                    ; Untyped            ;
; CLK9_USE_EVEN_COUNTER_VALUE   ; OFF                    ; Untyped            ;
; CLK8_USE_EVEN_COUNTER_VALUE   ; OFF                    ; Untyped            ;
; CLK7_USE_EVEN_COUNTER_VALUE   ; OFF                    ; Untyped            ;
; CLK6_USE_EVEN_COUNTER_VALUE   ; OFF                    ; Untyped            ;
; CLK5_USE_EVEN_COUNTER_VALUE   ; OFF                    ; Untyped            ;
; CLK4_USE_EVEN_COUNTER_VALUE   ; OFF                    ; Untyped            ;
; CLK3_USE_EVEN_COUNTER_VALUE   ; OFF                    ; Untyped            ;
; CLK2_USE_EVEN_COUNTER_VALUE   ; OFF                    ; Untyped            ;
; CLK1_USE_EVEN_COUNTER_VALUE   ; OFF                    ; Untyped            ;
; CLK0_USE_EVEN_COUNTER_VALUE   ; OFF                    ; Untyped            ;
; LOCK_WINDOW_UI                ;  0.05                  ; Untyped            ;
; LOCK_WINDOW_UI_BITS           ; UNUSED                 ; Untyped            ;
; VCO_RANGE_DETECTOR_LOW_BITS   ; UNUSED                 ; Untyped            ;
; VCO_RANGE_DETECTOR_HIGH_BITS  ; UNUSED                 ; Untyped            ;
; DPA_MULTIPLY_BY               ; 0                      ; Untyped            ;
; DPA_DIVIDE_BY                 ; 1                      ; Untyped            ;
; DPA_DIVIDER                   ; 0                      ; Untyped            ;
; EXTCLK3_MULTIPLY_BY           ; 1                      ; Untyped            ;
; EXTCLK2_MULTIPLY_BY           ; 1                      ; Untyped            ;
; EXTCLK1_MULTIPLY_BY           ; 1                      ; Untyped            ;
; EXTCLK0_MULTIPLY_BY           ; 1                      ; Untyped            ;
; EXTCLK3_DIVIDE_BY             ; 1                      ; Untyped            ;
; EXTCLK2_DIVIDE_BY             ; 1                      ; Untyped            ;
; EXTCLK1_DIVIDE_BY             ; 1                      ; Untyped            ;
; EXTCLK0_DIVIDE_BY             ; 1                      ; Untyped            ;
; EXTCLK3_PHASE_SHIFT           ; 0                      ; Untyped            ;
; EXTCLK2_PHASE_SHIFT           ; 0                      ; Untyped            ;
; EXTCLK1_PHASE_SHIFT           ; 0                      ; Untyped            ;
; EXTCLK0_PHASE_SHIFT           ; 0                      ; Untyped            ;
; EXTCLK3_TIME_DELAY            ; 0                      ; Untyped            ;
; EXTCLK2_TIME_DELAY            ; 0                      ; Untyped            ;
; EXTCLK1_TIME_DELAY            ; 0                      ; Untyped            ;
; EXTCLK0_TIME_DELAY            ; 0                      ; Untyped            ;
; EXTCLK3_DUTY_CYCLE            ; 50                     ; Untyped            ;
; EXTCLK2_DUTY_CYCLE            ; 50                     ; Untyped            ;
; EXTCLK1_DUTY_CYCLE            ; 50                     ; Untyped            ;
; EXTCLK0_DUTY_CYCLE            ; 50                     ; Untyped            ;
; VCO_MULTIPLY_BY               ; 0                      ; Untyped            ;
; VCO_DIVIDE_BY                 ; 0                      ; Untyped            ;
; SCLKOUT0_PHASE_SHIFT          ; 0                      ; Untyped            ;
; SCLKOUT1_PHASE_SHIFT          ; 0                      ; Untyped            ;
; VCO_MIN                       ; 0                      ; Untyped            ;
; VCO_MAX                       ; 0                      ; Untyped            ;
; VCO_CENTER                    ; 0                      ; Untyped            ;
; PFD_MIN                       ; 0                      ; Untyped            ;
; PFD_MAX                       ; 0                      ; Untyped            ;
; M_INITIAL                     ; 0                      ; Untyped            ;
; M                             ; 0                      ; Untyped            ;
; N                             ; 1                      ; Untyped            ;
; M2                            ; 1                      ; Untyped            ;
; N2                            ; 1                      ; Untyped            ;
; SS                            ; 1                      ; Untyped            ;
; C0_HIGH                       ; 0                      ; Untyped            ;
; C1_HIGH                       ; 0                      ; Untyped            ;
; C2_HIGH                       ; 0                      ; Untyped            ;
; C3_HIGH                       ; 0                      ; Untyped            ;
; C4_HIGH                       ; 0                      ; Untyped            ;
; C5_HIGH                       ; 0                      ; Untyped            ;
; C6_HIGH                       ; 0                      ; Untyped            ;
; C7_HIGH                       ; 0                      ; Untyped            ;
; C8_HIGH                       ; 0                      ; Untyped            ;
; C9_HIGH                       ; 0                      ; Untyped            ;
; C0_LOW                        ; 0                      ; Untyped            ;
; C1_LOW                        ; 0                      ; Untyped            ;
; C2_LOW                        ; 0                      ; Untyped            ;
; C3_LOW                        ; 0                      ; Untyped            ;
; C4_LOW                        ; 0                      ; Untyped            ;
; C5_LOW                        ; 0                      ; Untyped            ;
; C6_LOW                        ; 0                      ; Untyped            ;
; C7_LOW                        ; 0                      ; Untyped            ;
; C8_LOW                        ; 0                      ; Untyped            ;
; C9_LOW                        ; 0                      ; Untyped            ;
; C0_INITIAL                    ; 0                      ; Untyped            ;
; C1_INITIAL                    ; 0                      ; Untyped            ;
; C2_INITIAL                    ; 0                      ; Untyped            ;
; C3_INITIAL                    ; 0                      ; Untyped            ;
; C4_INITIAL                    ; 0                      ; Untyped            ;
; C5_INITIAL                    ; 0                      ; Untyped            ;
; C6_INITIAL                    ; 0                      ; Untyped            ;
; C7_INITIAL                    ; 0                      ; Untyped            ;
; C8_INITIAL                    ; 0                      ; Untyped            ;
; C9_INITIAL                    ; 0                      ; Untyped            ;
; C0_MODE                       ; BYPASS                 ; Untyped            ;
; C1_MODE                       ; BYPASS                 ; Untyped            ;
; C2_MODE                       ; BYPASS                 ; Untyped            ;
; C3_MODE                       ; BYPASS                 ; Untyped            ;
; C4_MODE                       ; BYPASS                 ; Untyped            ;
; C5_MODE                       ; BYPASS                 ; Untyped            ;
; C6_MODE                       ; BYPASS                 ; Untyped            ;
; C7_MODE                       ; BYPASS                 ; Untyped            ;
; C8_MODE                       ; BYPASS                 ; Untyped            ;
; C9_MODE                       ; BYPASS                 ; Untyped            ;
; C0_PH                         ; 0                      ; Untyped            ;
; C1_PH                         ; 0                      ; Untyped            ;
; C2_PH                         ; 0                      ; Untyped            ;
; C3_PH                         ; 0                      ; Untyped            ;
; C4_PH                         ; 0                      ; Untyped            ;
; C5_PH                         ; 0                      ; Untyped            ;
; C6_PH                         ; 0                      ; Untyped            ;
; C7_PH                         ; 0                      ; Untyped            ;
; C8_PH                         ; 0                      ; Untyped            ;
; C9_PH                         ; 0                      ; Untyped            ;
; L0_HIGH                       ; 1                      ; Untyped            ;
; L1_HIGH                       ; 1                      ; Untyped            ;
; G0_HIGH                       ; 1                      ; Untyped            ;
; G1_HIGH                       ; 1                      ; Untyped            ;
; G2_HIGH                       ; 1                      ; Untyped            ;
; G3_HIGH                       ; 1                      ; Untyped            ;
; E0_HIGH                       ; 1                      ; Untyped            ;
; E1_HIGH                       ; 1                      ; Untyped            ;
; E2_HIGH                       ; 1                      ; Untyped            ;
; E3_HIGH                       ; 1                      ; Untyped            ;
; L0_LOW                        ; 1                      ; Untyped            ;
; L1_LOW                        ; 1                      ; Untyped            ;
; G0_LOW                        ; 1                      ; Untyped            ;
; G1_LOW                        ; 1                      ; Untyped            ;
; G2_LOW                        ; 1                      ; Untyped            ;
; G3_LOW                        ; 1                      ; Untyped            ;
; E0_LOW                        ; 1                      ; Untyped            ;
; E1_LOW                        ; 1                      ; Untyped            ;
; E2_LOW                        ; 1                      ; Untyped            ;
; E3_LOW                        ; 1                      ; Untyped            ;
; L0_INITIAL                    ; 1                      ; Untyped            ;
; L1_INITIAL                    ; 1                      ; Untyped            ;
; G0_INITIAL                    ; 1                      ; Untyped            ;
; G1_INITIAL                    ; 1                      ; Untyped            ;
; G2_INITIAL                    ; 1                      ; Untyped            ;
; G3_INITIAL                    ; 1                      ; Untyped            ;
; E0_INITIAL                    ; 1                      ; Untyped            ;
; E1_INITIAL                    ; 1                      ; Untyped            ;
; E2_INITIAL                    ; 1                      ; Untyped            ;
; E3_INITIAL                    ; 1                      ; Untyped            ;
; L0_MODE                       ; BYPASS                 ; Untyped            ;
; L1_MODE                       ; BYPASS                 ; Untyped            ;
; G0_MODE                       ; BYPASS                 ; Untyped            ;
; G1_MODE                       ; BYPASS                 ; Untyped            ;
; G2_MODE                       ; BYPASS                 ; Untyped            ;
; G3_MODE                       ; BYPASS                 ; Untyped            ;
; E0_MODE                       ; BYPASS                 ; Untyped            ;
; E1_MODE                       ; BYPASS                 ; Untyped            ;
; E2_MODE                       ; BYPASS                 ; Untyped            ;
; E3_MODE                       ; BYPASS                 ; Untyped            ;
; L0_PH                         ; 0                      ; Untyped            ;
; L1_PH                         ; 0                      ; Untyped            ;
; G0_PH                         ; 0                      ; Untyped            ;
; G1_PH                         ; 0                      ; Untyped            ;
; G2_PH                         ; 0                      ; Untyped            ;
; G3_PH                         ; 0                      ; Untyped            ;
; E0_PH                         ; 0                      ; Untyped            ;
; E1_PH                         ; 0                      ; Untyped            ;
; E2_PH                         ; 0                      ; Untyped            ;
; E3_PH                         ; 0                      ; Untyped            ;
; M_PH                          ; 0                      ; Untyped            ;
; C1_USE_CASC_IN                ; OFF                    ; Untyped            ;
; C2_USE_CASC_IN                ; OFF                    ; Untyped            ;
; C3_USE_CASC_IN                ; OFF                    ; Untyped            ;
; C4_USE_CASC_IN                ; OFF                    ; Untyped            ;
; C5_USE_CASC_IN                ; OFF                    ; Untyped            ;
; C6_USE_CASC_IN                ; OFF                    ; Untyped            ;
; C7_USE_CASC_IN                ; OFF                    ; Untyped            ;
; C8_USE_CASC_IN                ; OFF                    ; Untyped            ;
; C9_USE_CASC_IN                ; OFF                    ; Untyped            ;
; CLK0_COUNTER                  ; G0                     ; Untyped            ;
; CLK1_COUNTER                  ; G0                     ; Untyped            ;
; CLK2_COUNTER                  ; G0                     ; Untyped            ;
; CLK3_COUNTER                  ; G0                     ; Untyped            ;
; CLK4_COUNTER                  ; G0                     ; Untyped            ;
; CLK5_COUNTER                  ; G0                     ; Untyped            ;
; CLK6_COUNTER                  ; E0                     ; Untyped            ;
; CLK7_COUNTER                  ; E1                     ; Untyped            ;
; CLK8_COUNTER                  ; E2                     ; Untyped            ;
; CLK9_COUNTER                  ; E3                     ; Untyped            ;
; L0_TIME_DELAY                 ; 0                      ; Untyped            ;
; L1_TIME_DELAY                 ; 0                      ; Untyped            ;
; G0_TIME_DELAY                 ; 0                      ; Untyped            ;
; G1_TIME_DELAY                 ; 0                      ; Untyped            ;
; G2_TIME_DELAY                 ; 0                      ; Untyped            ;
; G3_TIME_DELAY                 ; 0                      ; Untyped            ;
; E0_TIME_DELAY                 ; 0                      ; Untyped            ;
; E1_TIME_DELAY                 ; 0                      ; Untyped            ;
; E2_TIME_DELAY                 ; 0                      ; Untyped            ;
; E3_TIME_DELAY                 ; 0                      ; Untyped            ;
; M_TIME_DELAY                  ; 0                      ; Untyped            ;
; N_TIME_DELAY                  ; 0                      ; Untyped            ;
; EXTCLK3_COUNTER               ; E3                     ; Untyped            ;
; EXTCLK2_COUNTER               ; E2                     ; Untyped            ;
; EXTCLK1_COUNTER               ; E1                     ; Untyped            ;
; EXTCLK0_COUNTER               ; E0                     ; Untyped            ;
; ENABLE0_COUNTER               ; L0                     ; Untyped            ;
; ENABLE1_COUNTER               ; L0                     ; Untyped            ;
; CHARGE_PUMP_CURRENT           ; 2                      ; Untyped            ;
; LOOP_FILTER_R                 ;  1.000000              ; Untyped            ;
; LOOP_FILTER_C                 ; 5                      ; Untyped            ;
; CHARGE_PUMP_CURRENT_BITS      ; 9999                   ; Untyped            ;
; LOOP_FILTER_R_BITS            ; 9999                   ; Untyped            ;
; LOOP_FILTER_C_BITS            ; 9999                   ; Untyped            ;
; VCO_POST_SCALE                ; 0                      ; Untyped            ;
; CLK2_OUTPUT_FREQUENCY         ; 0                      ; Untyped            ;
; CLK1_OUTPUT_FREQUENCY         ; 0                      ; Untyped            ;
; CLK0_OUTPUT_FREQUENCY         ; 0                      ; Untyped            ;
; INTENDED_DEVICE_FAMILY        ; Cyclone II             ; Untyped            ;
; PORT_CLKENA0                  ; PORT_UNUSED            ; Untyped            ;
; PORT_CLKENA1                  ; PORT_UNUSED            ; Untyped            ;
; PORT_CLKENA2                  ; PORT_UNUSED            ; Untyped            ;
; PORT_CLKENA3                  ; PORT_UNUSED            ; Untyped            ;
; PORT_CLKENA4                  ; PORT_UNUSED            ; Untyped            ;
; PORT_CLKENA5                  ; PORT_UNUSED            ; Untyped            ;
; PORT_EXTCLKENA0               ; PORT_CONNECTIVITY      ; Untyped            ;
; PORT_EXTCLKENA1               ; PORT_CONNECTIVITY      ; Untyped            ;
; PORT_EXTCLKENA2               ; PORT_CONNECTIVITY      ; Untyped            ;
; PORT_EXTCLKENA3               ; PORT_CONNECTIVITY      ; Untyped            ;
; PORT_EXTCLK0                  ; PORT_UNUSED            ; Untyped            ;
; PORT_EXTCLK1                  ; PORT_UNUSED            ; Untyped            ;
; PORT_EXTCLK2                  ; PORT_UNUSED            ; Untyped            ;
; PORT_EXTCLK3                  ; PORT_UNUSED            ; Untyped            ;
; PORT_CLKBAD0                  ; PORT_UNUSED            ; Untyped            ;
; PORT_CLKBAD1                  ; PORT_UNUSED            ; Untyped            ;
; PORT_CLK0                     ; PORT_USED              ; Untyped            ;
; PORT_CLK1                     ; PORT_USED              ; Untyped            ;
; PORT_CLK2                     ; PORT_UNUSED            ; Untyped            ;
; PORT_CLK3                     ; PORT_UNUSED            ; Untyped            ;
; PORT_CLK4                     ; PORT_UNUSED            ; Untyped            ;
; PORT_CLK5                     ; PORT_UNUSED            ; Untyped            ;
; PORT_CLK6                     ; PORT_UNUSED            ; Untyped            ;
; PORT_CLK7                     ; PORT_UNUSED            ; Untyped            ;
; PORT_CLK8                     ; PORT_UNUSED            ; Untyped            ;
; PORT_CLK9                     ; PORT_UNUSED            ; Untyped            ;
; PORT_SCANDATA                 ; PORT_UNUSED            ; Untyped            ;
; PORT_SCANDATAOUT              ; PORT_UNUSED            ; Untyped            ;
; PORT_SCANDONE                 ; PORT_UNUSED            ; Untyped            ;
; PORT_SCLKOUT1                 ; PORT_CONNECTIVITY      ; Untyped            ;
; PORT_SCLKOUT0                 ; PORT_CONNECTIVITY      ; Untyped            ;
; PORT_ACTIVECLOCK              ; PORT_UNUSED            ; Untyped            ;
; PORT_CLKLOSS                  ; PORT_UNUSED            ; Untyped            ;
; PORT_INCLK1                   ; PORT_UNUSED            ; Untyped            ;
; PORT_INCLK0                   ; PORT_USED              ; Untyped            ;
; PORT_FBIN                     ; PORT_UNUSED            ; Untyped            ;
; PORT_PLLENA                   ; PORT_UNUSED            ; Untyped            ;
; PORT_CLKSWITCH                ; PORT_UNUSED            ; Untyped            ;
; PORT_ARESET                   ; PORT_UNUSED            ; Untyped            ;
; PORT_PFDENA                   ; PORT_UNUSED            ; Untyped            ;
; PORT_SCANCLK                  ; PORT_UNUSED            ; Untyped            ;
; PORT_SCANACLR                 ; PORT_UNUSED            ; Untyped            ;
; PORT_SCANREAD                 ; PORT_UNUSED            ; Untyped            ;
; PORT_SCANWRITE                ; PORT_UNUSED            ; Untyped            ;
; PORT_ENABLE0                  ; PORT_CONNECTIVITY      ; Untyped            ;
; PORT_ENABLE1                  ; PORT_CONNECTIVITY      ; Untyped            ;
; PORT_LOCKED                   ; PORT_UNUSED            ; Untyped            ;
; PORT_CONFIGUPDATE             ; PORT_UNUSED            ; Untyped            ;
; PORT_FBOUT                    ; PORT_CONNECTIVITY      ; Untyped            ;
; PORT_PHASEDONE                ; PORT_UNUSED            ; Untyped            ;
; PORT_PHASESTEP                ; PORT_UNUSED            ; Untyped            ;
; PORT_PHASEUPDOWN              ; PORT_UNUSED            ; Untyped            ;
; PORT_SCANCLKENA               ; PORT_UNUSED            ; Untyped            ;
; PORT_PHASECOUNTERSELECT       ; PORT_UNUSED            ; Untyped            ;
; PORT_VCOOVERRANGE             ; PORT_CONNECTIVITY      ; Untyped            ;
; PORT_VCOUNDERRANGE            ; PORT_CONNECTIVITY      ; Untyped            ;
; M_TEST_SOURCE                 ; 5                      ; Untyped            ;
; C0_TEST_SOURCE                ; 5                      ; Untyped            ;
; C1_TEST_SOURCE                ; 5                      ; Untyped            ;
; C2_TEST_SOURCE                ; 5                      ; Untyped            ;
; C3_TEST_SOURCE                ; 5                      ; Untyped            ;
; C4_TEST_SOURCE                ; 5                      ; Untyped            ;
; C5_TEST_SOURCE                ; 5                      ; Untyped            ;
; C6_TEST_SOURCE                ; 5                      ; Untyped            ;
; C7_TEST_SOURCE                ; 5                      ; Untyped            ;
; C8_TEST_SOURCE                ; 5                      ; Untyped            ;
; C9_TEST_SOURCE                ; 5                      ; Untyped            ;
; CBXI_PARAMETER                ; NOTHING                ; Untyped            ;
; VCO_FREQUENCY_CONTROL         ; AUTO                   ; Untyped            ;
; VCO_PHASE_SHIFT_STEP          ; 0                      ; Untyped            ;
; WIDTH_CLOCK                   ; 6                      ; Untyped            ;
; WIDTH_PHASECOUNTERSELECT      ; 4                      ; Untyped            ;
; USING_FBMIMICBIDIR_PORT       ; OFF                    ; Untyped            ;
; DEVICE_FAMILY                 ; Cyclone II             ; Untyped            ;
; SCAN_CHAIN_MIF_FILE           ; UNUSED                 ; Untyped            ;
; SIM_GATE_LOCK_DEVICE_BEHAVIOR ; OFF                    ; Untyped            ;
; AUTO_CARRY_CHAINS             ; ON                     ; AUTO_CARRY         ;
; IGNORE_CARRY_BUFFERS          ; OFF                    ; IGNORE_CARRY       ;
; AUTO_CASCADE_CHAINS           ; ON                     ; AUTO_CASCADE       ;
; IGNORE_CASCADE_BUFFERS        ; OFF                    ; IGNORE_CASCADE     ;
+-------------------------------+------------------------+--------------------+
Note: In order to hide this table in the UI and the text report file, please set the "Show Parameter Settings in Synthesis Report" option in "Analysis and Synthesis Settings -> More Settings" to "Off".


+----------------------------------------------------------------+
; altpll Parameter Settings by Entity Instance                   ;
+-------------------------------+--------------------------------+
; Name                          ; Value                          ;
+-------------------------------+--------------------------------+
; Number of entity instances    ; 1                              ;
; Entity Instance               ; apll:a|altpll:altpll_component ;
;     -- OPERATION_MODE         ; NORMAL                         ;
;     -- PLL_TYPE               ; AUTO                           ;
;     -- PRIMARY_CLOCK          ; INCLK0                         ;
;     -- INCLK0_INPUT_FREQUENCY ; 37037                          ;
;     -- INCLK1_INPUT_FREQUENCY ; 0                              ;
;     -- VCO_MULTIPLY_BY        ; 0                              ;
;     -- VCO_DIVIDE_BY          ; 0                              ;
+-------------------------------+--------------------------------+


+------------------------------------------------------------------------------------------------------------------+
; Port Connectivity Checks: "Teste_1:t1"                                                                           ;
+--------+--------+----------+-------------------------------------------------------------------------------------+
; Port   ; Type   ; Severity ; Details                                                                             ;
+--------+--------+----------+-------------------------------------------------------------------------------------+
; tested ; Output ; Info     ; Connected to dangling logic. Logic that only feeds a dangling port will be removed. ;
; error  ; Output ; Info     ; Connected to dangling logic. Logic that only feeds a dangling port will be removed. ;
+--------+--------+----------+-------------------------------------------------------------------------------------+


+------------------------------------------------------------------------------------------------------------------------------------------------------------------------------------------------------------------------+
; Port Connectivity Checks: "core_one:c"                                                                                                                                                                                 ;
+-----------------+--------+----------+----------------------------------------------------------------------------------------------------------------------------------------------------------------------------------+
; Port            ; Type   ; Severity ; Details                                                                                                                                                                          ;
+-----------------+--------+----------+----------------------------------------------------------------------------------------------------------------------------------------------------------------------------------+
; az_be_n         ; Input  ; Warning  ; Input port expression (2 bits) is wider than the input port (1 bits) it drives.  The 1 most-significant bit(s) in the expression will be dangling if they have no other fanouts. ;
; counter         ; Output ; Warning  ; Output or bidir port (33 bits) is wider than the port expression (32 bits) it drives; bit(s) "counter[32..32]" have no fanouts                                                   ;
; counter[31..12] ; Output ; Info     ; Connected to dangling logic. Logic that only feeds a dangling port will be removed.                                                                                              ;
; error           ; Output ; Warning  ; Declared by entity but not connected by instance. Logic that only feeds a dangling port will be removed.                                                                         ;
+-----------------+--------+----------+----------------------------------------------------------------------------------------------------------------------------------------------------------------------------------+


+-------------------------------+
; Elapsed Time Per Partition    ;
+----------------+--------------+
; Partition Name ; Elapsed Time ;
+----------------+--------------+
; Top            ; 00:00:01     ;
+----------------+--------------+


+-------------------------------+
; Analysis & Synthesis Messages ;
+-------------------------------+
Info: *******************************************************************
Info: Running Quartus II 64-Bit Analysis & Synthesis
    Info: Version 13.0.1 Build 232 06/12/2013 Service Pack 1 SJ Web Edition
    Info: Processing started: Tue May 02 11:36:30 2023
Info: Command: quartus_map --read_settings_files=on --write_settings_files=off VerilogWarmup -c VerilogWarmup
Warning (20028): Parallel compilation is not licensed and has been disabled
Info (12021): Found 2 design units, including 2 entities, in source file qsys_teste/synthesis/submodules/qsys_teste_new_sdram_controller_0.v
    Info (12023): Found entity 1: qsys_teste_new_sdram_controller_0_input_efifo_module
    Info (12023): Found entity 2: qsys_teste_new_sdram_controller_0
Info (12021): Found 1 design units, including 1 entities, in source file qsys_teste/synthesis/qsys_teste.v
    Info (12023): Found entity 1: qsys_teste
Info (12021): Found 2 design units, including 2 entities, in source file qsys_teste/synthesis/submodules/qsys_teste_new_sdram_controller_0_test_component.v
    Info (12023): Found entity 1: qsys_teste_new_sdram_controller_0_test_component_ram_module
    Info (12023): Found entity 2: qsys_teste_new_sdram_controller_0_test_component
Info (12021): Found 2 design units, including 2 entities, in source file toplevel.v
    Info (12023): Found entity 1: dec7seg
    Info (12023): Found entity 2: TopLevel
Info (12021): Found 1 design units, including 1 entities, in source file apll.v
    Info (12023): Found entity 1: apll
Info (12021): Found 1 design units, including 1 entities, in source file core_one.v
    Info (12023): Found entity 1: core_one
Info (12021): Found 1 design units, including 1 entities, in source file teste_1.v
    Info (12023): Found entity 1: Teste_1
Warning (10037): Verilog HDL or VHDL warning at qsys_teste_new_sdram_controller_0.v(316): conditional expression evaluates to a constant
Warning (10037): Verilog HDL or VHDL warning at qsys_teste_new_sdram_controller_0.v(326): conditional expression evaluates to a constant
Warning (10037): Verilog HDL or VHDL warning at qsys_teste_new_sdram_controller_0.v(336): conditional expression evaluates to a constant
Warning (10037): Verilog HDL or VHDL warning at qsys_teste_new_sdram_controller_0.v(680): conditional expression evaluates to a constant
Info (12127): Elaborating entity "TopLevel" for the top level hierarchy
Warning (10034): Output port "LEDR[15..3]" at TopLevel.v(42) has no driver
Warning (10034): Output port "LEDG[5..3]" at TopLevel.v(43) has no driver
Info (12128): Elaborating entity "core_one" for hierarchy "core_one:c"
Warning (10036): Verilog HDL or VHDL warning at Core_one.v(107): object "az_wr_n_r" assigned a value but never read
Info (12128): Elaborating entity "apll" for hierarchy "apll:a"
Info (12128): Elaborating entity "altpll" for hierarchy "apll:a|altpll:altpll_component"
Info (12130): Elaborated megafunction instantiation "apll:a|altpll:altpll_component"
Info (12133): Instantiated megafunction "apll:a|altpll:altpll_component" with the following parameter:
    Info (12134): Parameter "clk0_divide_by" = "1"
    Info (12134): Parameter "clk0_duty_cycle" = "50"
    Info (12134): Parameter "clk0_multiply_by" = "1"
    Info (12134): Parameter "clk0_phase_shift" = "-15000"
    Info (12134): Parameter "clk1_divide_by" = "1"
    Info (12134): Parameter "clk1_duty_cycle" = "50"
    Info (12134): Parameter "clk1_multiply_by" = "1"
    Info (12134): Parameter "clk1_phase_shift" = "0"
    Info (12134): Parameter "compensate_clock" = "CLK0"
    Info (12134): Parameter "inclk0_input_frequency" = "37037"
    Info (12134): Parameter "intended_device_family" = "Cyclone II"
    Info (12134): Parameter "lpm_hint" = "CBX_MODULE_PREFIX=apll"
    Info (12134): Parameter "lpm_type" = "altpll"
    Info (12134): Parameter "operation_mode" = "NORMAL"
    Info (12134): Parameter "port_activeclock" = "PORT_UNUSED"
    Info (12134): Parameter "port_areset" = "PORT_UNUSED"
    Info (12134): Parameter "port_clkbad0" = "PORT_UNUSED"
    Info (12134): Parameter "port_clkbad1" = "PORT_UNUSED"
    Info (12134): Parameter "port_clkloss" = "PORT_UNUSED"
    Info (12134): Parameter "port_clkswitch" = "PORT_UNUSED"
    Info (12134): Parameter "port_configupdate" = "PORT_UNUSED"
    Info (12134): Parameter "port_fbin" = "PORT_UNUSED"
    Info (12134): Parameter "port_inclk0" = "PORT_USED"
    Info (12134): Parameter "port_inclk1" = "PORT_UNUSED"
    Info (12134): Parameter "port_locked" = "PORT_UNUSED"
    Info (12134): Parameter "port_pfdena" = "PORT_UNUSED"
    Info (12134): Parameter "port_phasecounterselect" = "PORT_UNUSED"
    Info (12134): Parameter "port_phasedone" = "PORT_UNUSED"
    Info (12134): Parameter "port_phasestep" = "PORT_UNUSED"
    Info (12134): Parameter "port_phaseupdown" = "PORT_UNUSED"
    Info (12134): Parameter "port_pllena" = "PORT_UNUSED"
    Info (12134): Parameter "port_scanaclr" = "PORT_UNUSED"
    Info (12134): Parameter "port_scanclk" = "PORT_UNUSED"
    Info (12134): Parameter "port_scanclkena" = "PORT_UNUSED"
    Info (12134): Parameter "port_scandata" = "PORT_UNUSED"
    Info (12134): Parameter "port_scandataout" = "PORT_UNUSED"
    Info (12134): Parameter "port_scandone" = "PORT_UNUSED"
    Info (12134): Parameter "port_scanread" = "PORT_UNUSED"
    Info (12134): Parameter "port_scanwrite" = "PORT_UNUSED"
    Info (12134): Parameter "port_clk0" = "PORT_USED"
    Info (12134): Parameter "port_clk1" = "PORT_USED"
    Info (12134): Parameter "port_clk2" = "PORT_UNUSED"
    Info (12134): Parameter "port_clk3" = "PORT_UNUSED"
    Info (12134): Parameter "port_clk4" = "PORT_UNUSED"
    Info (12134): Parameter "port_clk5" = "PORT_UNUSED"
    Info (12134): Parameter "port_clkena0" = "PORT_UNUSED"
    Info (12134): Parameter "port_clkena1" = "PORT_UNUSED"
    Info (12134): Parameter "port_clkena2" = "PORT_UNUSED"
    Info (12134): Parameter "port_clkena3" = "PORT_UNUSED"
    Info (12134): Parameter "port_clkena4" = "PORT_UNUSED"
    Info (12134): Parameter "port_clkena5" = "PORT_UNUSED"
    Info (12134): Parameter "port_extclk0" = "PORT_UNUSED"
    Info (12134): Parameter "port_extclk1" = "PORT_UNUSED"
    Info (12134): Parameter "port_extclk2" = "PORT_UNUSED"
    Info (12134): Parameter "port_extclk3" = "PORT_UNUSED"
Info (12128): Elaborating entity "Teste_1" for hierarchy "Teste_1:t1"
Warning (10230): Verilog HDL assignment warning at Teste_1.v(68): truncated value with size 32 to match size of target (4)
Warning (10027): Verilog HDL or VHDL warning at the Teste_1.v(77): index expression is not wide enough to address all of the elements in the array
Warning (10230): Verilog HDL assignment warning at Teste_1.v(86): truncated value with size 32 to match size of target (2)
Warning (10230): Verilog HDL assignment warning at Teste_1.v(94): truncated value with size 32 to match size of target (2)
Warning (10230): Verilog HDL assignment warning at Teste_1.v(101): truncated value with size 32 to match size of target (2)
Info (12128): Elaborating entity "dec7seg" for hierarchy "dec7seg:h7"
Warning (12241): 1 hierarchies have connectivity warnings - see the Connectivity Checks report folder
Info (13000): Registers with preset signals will power-up high
Info (13003): DEV_CLRn pin will set, and not reset, register with preset signal due to NOT Gate Push-Back
Warning (13024): Output pins are stuck at VCC or GND
    Warning (13410): Pin "LEDR[3]" is stuck at GND
    Warning (13410): Pin "LEDR[4]" is stuck at GND
    Warning (13410): Pin "LEDR[5]" is stuck at GND
    Warning (13410): Pin "LEDR[6]" is stuck at GND
    Warning (13410): Pin "LEDR[7]" is stuck at GND
    Warning (13410): Pin "LEDR[8]" is stuck at GND
    Warning (13410): Pin "LEDR[9]" is stuck at GND
    Warning (13410): Pin "LEDR[10]" is stuck at GND
    Warning (13410): Pin "LEDR[11]" is stuck at GND
    Warning (13410): Pin "LEDR[12]" is stuck at GND
    Warning (13410): Pin "LEDR[13]" is stuck at GND
    Warning (13410): Pin "LEDR[14]" is stuck at GND
    Warning (13410): Pin "LEDR[15]" is stuck at GND
    Warning (13410): Pin "LEDG[3]" is stuck at GND
    Warning (13410): Pin "LEDG[4]" is stuck at GND
    Warning (13410): Pin "LEDG[5]" is stuck at GND
    Warning (13410): Pin "HEX0[7]" is stuck at GND
    Warning (13410): Pin "HEX1[7]" is stuck at GND
    Warning (13410): Pin "HEX2[7]" is stuck at GND
    Warning (13410): Pin "HEX3[7]" is stuck at GND
    Warning (13410): Pin "HEX4[7]" is stuck at GND
    Warning (13410): Pin "HEX5[7]" is stuck at GND
    Warning (13410): Pin "HEX6[7]" is stuck at GND
    Warning (13410): Pin "HEX7[7]" is stuck at GND
    Warning (13410): Pin "DRAM_UDQM" is stuck at GND
    Warning (13410): Pin "DRAM_CKE" is stuck at VCC
    Warning (13410): Pin "DRAM_CS_N" is stuck at GND
Info (17049): 4 registers lost all their fanouts during netlist optimizations.
Info (144001): Generated suppressed messages file D:/Documentos/CEFET/22.1/TCC/Quartus/install/projects/VerilogWarmup/output_files/VerilogWarmup.map.smsg
Info (16010): Generating hard_block partition "hard_block:auto_generated_inst"
    Info (16011): Adding 1 node(s), including 0 DDIO, 1 PLL, 0 transceiver and 0 LCELL
Warning (21074): Design contains 1 input pin(s) that do not drive logic
    Warning (15610): No output dependent on input pin "KEY[0]"
Info (21057): Implemented 769 device resources after synthesis - the final resource count might be different
    Info (21058): Implemented 23 input pins
    Info (21059): Implemented 113 output pins
    Info (21060): Implemented 16 bidirectional pins
    Info (21061): Implemented 616 logic cells
    Info (21065): Implemented 1 PLLs
Info: Quartus II 64-Bit Analysis & Synthesis was successful. 0 errors, 44 warnings
    Info: Peak virtual memory: 4622 megabytes
    Info: Processing ended: Tue May 02 11:36:32 2023
    Info: Elapsed time: 00:00:02
    Info: Total CPU time (on all processors): 00:00:02


+------------------------------------------+
; Analysis & Synthesis Suppressed Messages ;
+------------------------------------------+
The suppressed messages can be found in D:/Documentos/CEFET/22.1/TCC/Quartus/install/projects/VerilogWarmup/output_files/VerilogWarmup.map.smsg.


